<?xml version="1.0" encoding="UTF-8"?>
<!-- Generated by org.testng.reporters.JUnitXMLReporter -->
<testsuite ignored="0" hostname="LAPTOP-EANKE1PF" failures="3" tests="10" name="Test" time="0.286" errors="0" timestamp="31 Aug 2020 18:13:58 GMT">
  <testcase classname="h2k.testng.ExecutionOrder" name="m3" time="0.014"/>
  <testcase classname="h2k.testng.ExecutionOrder" name="a2" time="0.002"/>
  <testcase classname="h2k.testng.SoftDependencyMethods" name="login" time="0.009"/>
  <testcase classname="h2k.testng.SoftDependencyMethods" name="search" time="0.004">
    <failure type="java.lang.AssertionError" message="expected [3] but found [2]">
      <![CDATA[java.lang.AssertionError: expected [3] but found [2]
at h2k.testng.SoftDependencyMethods.search(SoftDependencyMethods.java:14)
... Removed 31 stack frames]]>
    </failure>
  </testcase> <!-- search -->
  <testcase classname="h2k.testng.SoftDependencyMethods" name="logout" time="0.003"/>
  <testcase classname="h2k.testng.HardDependencyMethods" name="login" time="0.006">
    <failure type="java.lang.AssertionError" message="expected [3] but found [2]">
      <![CDATA[java.lang.AssertionError: expected [3] but found [2]
at h2k.testng.HardDependencyMethods.login(HardDependencyMethods.java:10)
... Removed 31 stack frames]]>
    </failure>
  </testcase> <!-- login -->
  <testcase classname="h2k.testng.HardDependencyMethods" name="search" time="0.0">
    <skipped/>
  </testcase> <!-- search -->
  <testcase classname="h2k.testng.HardDependencyMethods" name="logout" time="0.0">
    <skipped/>
  </testcase> <!-- logout -->
  <testcase classname="h2k.testng.IndeedIdLocator" name="validateJSSearch" time="0.171">
    <failure type="java.lang.IllegalStateException" message="The path to the driver executable must be set by the webdriver.gecko.driver system property; for more information, see https://github.com/mozilla/geckodriver. The latest version can be downloaded from https://github.com/mozilla/geckodriver/releases">
      <![CDATA[java.lang.IllegalStateException: The path to the driver executable must be set by the webdriver.gecko.driver system property; for more information, see https://github.com/mozilla/geckodriver. The latest version can be downloaded from https://github.com/mozilla/geckodriver/releases
at com.google.common.base.Preconditions.checkState(Preconditions.java:847)
at org.openqa.selenium.remote.service.DriverService.findExecutable(DriverService.java:134)
at org.openqa.selenium.firefox.GeckoDriverService.access$100(GeckoDriverService.java:44)
at org.openqa.selenium.firefox.GeckoDriverService$Builder.findDefaultExecutable(GeckoDriverService.java:167)
at org.openqa.selenium.remote.service.DriverService$Builder.build(DriverService.java:355)
at org.openqa.selenium.firefox.FirefoxDriver.toExecutor(FirefoxDriver.java:190)
at org.openqa.selenium.firefox.FirefoxDriver.<init>(FirefoxDriver.java:147)
at org.openqa.selenium.firefox.FirefoxDriver.<init>(FirefoxDriver.java:125)
at h2k.testng.IndeedIdLocator.validateJSSearch(IndeedIdLocator.java:12)
at java.base/java.util.concurrent.Executors$RunnableAdapter.call(Executors.java:515)
at java.base/java.util.concurrent.FutureTask.run(FutureTask.java:264)
at java.base/java.util.concurrent.ThreadPoolExecutor.runWorker(ThreadPoolExecutor.java:1128)
at java.base/java.util.concurrent.ThreadPoolExecutor$Worker.run(ThreadPoolExecutor.java:628)
at java.base/java.lang.Thread.run(Thread.java:834)
... Removed 7 stack frames]]>
    </failure>
  </testcase> <!-- validateJSSearch -->
  <testcase classname="h2k.testng.ExecutionOrder" name="m1" time="0.001"/>
</testsuite> <!-- Test -->
